# JRE version: Java(TM) SE Runtime Environment (15.0.1+9) (build 15.0.1+9-18)
# Java VM: Java HotSpot(TM) 64-Bit Server VM (15.0.1+9-18, mixed mode, sharing, tiered, compressed oops, g1 gc, bsd-amd64)
GC Precious Log:
 CPUs: 4 total, 4 available
 Memory: 10240M
 Large Page Support: Disabled
 NUMA Support: Disabled
 Compressed Oops: Enabled (Zero based)
 Heap Region Size: 2M
 Heap Min Capacity: 8M
 Heap Initial Capacity: 160M
 Heap Max Capacity: 2560M
 Pre-touch: Disabled
 Parallel Workers: 4
 Concurrent Workers: 1
 Concurrent Refinement Workers: 4
 Periodic GC: Disabled
Heap:
 garbage-first heap   total 167936K, used 16273K [0x0000000760000000, 0x0000000800000000)
  region size 2048K, 5 young (10240K), 3 survivors (6144K)
 Metaspace       used 20728K, capacity 21012K, committed 21296K, reserved 1069056K
  class space    used 2526K, capacity 2633K, committed 2688K, reserved 1048576K
GC Heap History (9 events):
Event: 1.425 GC heap before
{Heap before GC invocations=0 (full 0):
 garbage-first heap   total 167936K, used 12072K [0x0000000760000000, 0x0000000800000000)
  region size 2048K, 6 young (12288K), 0 survivors (0K)
 Metaspace       used 2842K, capacity 5335K, committed 5376K, reserved 1056768K
  class space    used 280K, capacity 497K, committed 512K, reserved 1048576K
}
Event: 1.436 GC heap after
{Heap after GC invocations=1 (full 0):
 garbage-first heap   total 167936K, used 7012K [0x0000000760000000, 0x0000000800000000)
  region size 2048K, 1 young (2048K), 1 survivors (2048K)
 Metaspace       used 2842K, capacity 5335K, committed 5376K, reserved 1056768K
  class space    used 280K, capacity 497K, committed 512K, reserved 1048576K
}
Event: 2.103 GC heap before
{Heap before GC invocations=1 (full 0):
 garbage-first heap   total 167936K, used 15204K [0x0000000760000000, 0x0000000800000000)
  region size 2048K, 5 young (10240K), 1 survivors (2048K)
 Metaspace       used 5551K, capacity 6984K, committed 7168K, reserved 1056768K
  class space    used 625K, capacity 746K, committed 768K, reserved 1048576K
}
Event: 2.110 GC heap after
{Heap after GC invocations=2 (full 0):
 garbage-first heap   total 167936K, used 7794K [0x0000000760000000, 0x0000000800000000)
  region size 2048K, 1 young (2048K), 1 survivors (2048K)
 Metaspace       used 5551K, capacity 6984K, committed 7168K, reserved 1056768K
  class space    used 625K, capacity 746K, committed 768K, reserved 1048576K
}
Event: 3.356 GC heap before
{Heap before GC invocations=2 (full 0):
 garbage-first heap   total 167936K, used 28274K [0x0000000760000000, 0x0000000800000000)
  region size 2048K, 12 young (24576K), 1 survivors (2048K)
 Metaspace       used 11427K, capacity 11957K, committed 12288K, reserved 1060864K
  class space    used 1349K, capacity 1404K, committed 1536K, reserved 1048576K
}
Event: 3.362 GC heap after
{Heap after GC invocations=3 (full 0):
 garbage-first heap   total 167936K, used 8848K [0x0000000760000000, 0x0000000800000000)
  region size 2048K, 1 young (2048K), 1 survivors (2048K)
 Metaspace       used 11427K, capacity 11957K, committed 12288K, reserved 1060864K
  class space    used 1349K, capacity 1404K, committed 1536K, reserved 1048576K
}
Event: 5.994 GC heap before
{Heap before GC invocations=3 (full 0):
 garbage-first heap   total 167936K, used 103056K [0x0000000760000000, 0x0000000800000000)
  region size 2048K, 48 young (98304K), 1 survivors (2048K)
 Metaspace       used 20014K, capacity 20372K, committed 20864K, reserved 1067008K
  class space    used 2449K, capacity 2569K, committed 2688K, reserved 1048576K
}
Event: 6.008 GC heap after
{Heap after GC invocations=4 (full 0):
 garbage-first heap   total 167936K, used 12177K [0x0000000760000000, 0x0000000800000000)
  region size 2048K, 3 young (6144K), 3 survivors (6144K)
 Metaspace       used 20014K, capacity 20372K, committed 20864K, reserved 1067008K
  class space    used 2449K, capacity 2569K, committed 2688K, reserved 1048576K
}
Event: 6.135 GC heap before
{Heap before GC invocations=4 (full 0):
 garbage-first heap   total 167936K, used 14225K [0x0000000760000000, 0x0000000800000000)
  region size 2048K, 5 young (10240K), 3 survivors (6144K)
 Metaspace       used 20728K, capacity 21012K, committed 21296K, reserved 1069056K
  class space    used 2526K, capacity 2633K, committed 2688K, reserved 1048576K
}

